<?xml version="1.0" encoding="UTF-8"?>
<testng-results skipped="0" failed="0" ignored="0" total="1" passed="1">
  <reporter-output>
  </reporter-output>
  <suite name="Default suite" duration-ms="9917" started-at="2020-10-07T17:59:36Z" finished-at="2020-10-07T17:59:45Z">
    <groups>
    </groups>
    <test name="Default test" duration-ms="9917" started-at="2020-10-07T17:59:36Z" finished-at="2020-10-07T17:59:45Z">
      <class name="tests.basic.TestTemplate">
        <test-method status="PASS" signature="init()[pri:0, instance:tests.basic.TestTemplate@54d9d12d]" name="init" is-config="true" duration-ms="5976" started-at="2020-10-07T17:59:36Z" finished-at="2020-10-07T17:59:42Z">
          <reporter-output>
          </reporter-output>
        </test-method> <!-- init -->
        <test-method status="PASS" signature="test()[pri:0, instance:tests.basic.TestTemplate@54d9d12d]" name="test" duration-ms="3013" started-at="2020-10-07T17:59:42Z" finished-at="2020-10-07T17:59:45Z">
          <reporter-output>
          </reporter-output>
        </test-method> <!-- test -->
        <test-method status="PASS" signature="tearDown()[pri:0, instance:tests.basic.TestTemplate@54d9d12d]" name="tearDown" is-config="true" duration-ms="908" started-at="2020-10-07T17:59:45Z" finished-at="2020-10-07T17:59:45Z">
          <reporter-output>
          </reporter-output>
        </test-method> <!-- tearDown -->
      </class> <!-- tests.basic.TestTemplate -->
    </test> <!-- Default test -->
  </suite> <!-- Default suite -->
</testng-results>
